This file contains any messages produced by compilers while
running configure, to aid debugging if configure makes a mistake.

It was created by thread configure 2.7.3, which was
generated by GNU Autoconf 2.59.  Invocation command line was

  $ ./configure --cache-file=/dev/null --disable-option-checking --prefix=/opt/local/libexec/macports --srcdir=.

## --------- ##
## Platform. ##
## --------- ##

hostname = vlan-2656-10-16-230-39.student.wireless.sydney.edu.au
uname -m = x86_64
uname -r = 17.7.0
uname -s = Darwin
uname -v = Darwin Kernel Version 17.7.0: Thu Jun 21 22:53:14 PDT 2018; root:xnu-4570.71.2~1/RELEASE_X86_64

/usr/bin/uname -p = i386
/bin/uname -X     = unknown

/bin/arch              = unknown
/usr/bin/arch -k       = unknown
/usr/convex/getsysinfo = unknown
hostinfo               = Mach kernel version:
	 Darwin Kernel Version 17.7.0: Thu Jun 21 22:53:14 PDT 2018; root:xnu-4570.71.2~1/RELEASE_X86_64
Kernel configured for up to 4 processors.
2 processors are physically available.
4 processors are logically available.
Processor type: x86_64h (Intel x86-64h Haswell)
Processors active: 0 1 2 3
Primary memory available: 8.00 gigabytes
Default processor set: 432 tasks, 2430 threads, 4 processors
Load average: 10.67, Mach factor: 0.36
/bin/machine           = unknown
/usr/bin/oslevel       = unknown
/bin/universe          = unknown

PATH: /Users/xiaodangan/.virtualenvs/nmf/bin
PATH: /Users/xiaodangan/.tools
PATH: /usr/local/bin
PATH: /Users/xiaodangan/.tools
PATH: /usr/local/bin
PATH: /Users/xiaodangan/.tools
PATH: /usr/local/bin
PATH: /Users/xiaodangan/.tools
PATH: /usr/local/bin
PATH: /Users/xiaodangan/.tools
PATH: /usr/local/bin
PATH: /Users/xiaodangan/.tools
PATH: /usr/local/bin
PATH: /Users/xiaodangan/.tools
PATH: /usr/local/bin
PATH: /Users/xiaodangan/.tools
PATH: /usr/local/bin
PATH: /Library/Frameworks/Python.framework/Versions/3.6/bin
PATH: /anaconda3/bin
PATH: /usr/local/bin
PATH: /usr/bin
PATH: /bin
PATH: /usr/sbin
PATH: /sbin
PATH: /Library/TeX/texbin


## ----------- ##
## Core tests. ##
## ----------- ##

configure:1331: checking for correct TEA configuration
configure:1350: result: ok (TEA 3.9)
configure:1431: configuring thread 2.7.3
configure:1500: checking for Tcl configuration
configure:1629: result: found /Users/xiaodangan/code/nmf/MacPorts-2.5.2/vendor/tcl/unix/tclConfig.sh
configure:1680: checking for gcc
configure:1696: found /usr/bin/gcc
configure:1706: result: gcc
configure:1950: checking for C compiler version
configure:1953: gcc --version </dev/null >&5
Configured with: --prefix=/Library/Developer/CommandLineTools/usr --with-gxx-include-dir=/usr/include/c++/4.2.1
Apple LLVM version 9.1.0 (clang-902.0.39.2)
Target: x86_64-apple-darwin17.7.0
Thread model: posix
InstalledDir: /Library/Developer/CommandLineTools/usr/bin
configure:1956: $? = 0
configure:1958: gcc -v </dev/null >&5
Configured with: --prefix=/Library/Developer/CommandLineTools/usr --with-gxx-include-dir=/usr/include/c++/4.2.1
Apple LLVM version 9.1.0 (clang-902.0.39.2)
Target: x86_64-apple-darwin17.7.0
Thread model: posix
InstalledDir: /Library/Developer/CommandLineTools/usr/bin
configure:1961: $? = 0
configure:1963: gcc -V </dev/null >&5
clang: error: argument to '-V' is missing (expected 1 value)
clang: error: no input files
configure:1966: $? = 1
configure:1989: checking for C compiler default output file name
configure:1992: gcc    conftest.c  >&5
configure:1995: $? = 0
configure:2041: result: a.out
configure:2046: checking whether the C compiler works
configure:2052: ./a.out
configure:2055: $? = 0
configure:2072: result: yes
configure:2079: checking whether we are cross compiling
configure:2081: result: no
configure:2084: checking for suffix of executables
configure:2086: gcc -o conftest    conftest.c  >&5
configure:2089: $? = 0
configure:2114: result: 
configure:2120: checking for suffix of object files
configure:2141: gcc -c   conftest.c >&5
configure:2144: $? = 0
configure:2166: result: o
configure:2170: checking whether we are using the GNU C compiler
configure:2194: gcc -c   conftest.c >&5
configure:2200: $? = 0
configure:2204: test -z 
			 || test ! -s conftest.err
configure:2207: $? = 0
configure:2210: test -s conftest.o
configure:2213: $? = 0
configure:2226: result: yes
configure:2232: checking whether gcc accepts -g
configure:2253: gcc -c -g  conftest.c >&5
configure:2259: $? = 0
configure:2263: test -z 
			 || test ! -s conftest.err
configure:2266: $? = 0
configure:2269: test -s conftest.o
configure:2272: $? = 0
configure:2283: result: yes
configure:2300: checking for gcc option to accept ANSI C
configure:2370: gcc  -c   conftest.c >&5
configure:2376: $? = 0
configure:2380: test -z 
			 || test ! -s conftest.err
configure:2383: $? = 0
configure:2386: test -s conftest.o
configure:2389: $? = 0
configure:2407: result: none needed
configure:2425: gcc -c   conftest.c >&5
conftest.c:2:3: error: unknown type name 'choke'
  choke me
  ^
conftest.c:2:11: error: expected ';' after top level declarator
  choke me
          ^
          ;
2 errors generated.
configure:2431: $? = 1
configure: failed program was:
| #ifndef __cplusplus
|   choke me
| #endif
configure:2566: checking for existence of /Users/xiaodangan/code/nmf/MacPorts-2.5.2/vendor/tcl/unix/tclConfig.sh
configure:2570: result: loading
configure:2634: checking platform
configure:2657: gcc -c   conftest.c >&5
configure:2663: $? = 0
configure:2667: test -z 
			 || test ! -s conftest.err
configure:2670: $? = 0
configure:2673: test -s conftest.o
configure:2676: $? = 0
configure:2688: result: unix
configure:2756: --exec-prefix defaulting to TCL_EXEC_PREFIX /opt/local/libexec/macports
configure:2824: checking for gcc
configure:2850: result: gcc
configure:3094: checking for C compiler version
configure:3097: gcc --version </dev/null >&5
Configured with: --prefix=/Library/Developer/CommandLineTools/usr --with-gxx-include-dir=/usr/include/c++/4.2.1
Apple LLVM version 9.1.0 (clang-902.0.39.2)
Target: x86_64-apple-darwin17.7.0
Thread model: posix
InstalledDir: /Library/Developer/CommandLineTools/usr/bin
configure:3100: $? = 0
configure:3102: gcc -v </dev/null >&5
Configured with: --prefix=/Library/Developer/CommandLineTools/usr --with-gxx-include-dir=/usr/include/c++/4.2.1
Apple LLVM version 9.1.0 (clang-902.0.39.2)
Target: x86_64-apple-darwin17.7.0
Thread model: posix
InstalledDir: /Library/Developer/CommandLineTools/usr/bin
configure:3105: $? = 0
configure:3107: gcc -V </dev/null >&5
clang: error: argument to '-V' is missing (expected 1 value)
clang: error: no input files
configure:3110: $? = 1
configure:3113: checking whether we are using the GNU C compiler
configure:3169: result: yes
configure:3175: checking whether gcc accepts -g
configure:3226: result: yes
configure:3243: checking for gcc option to accept ANSI C
configure:3350: result: none needed
configure:3368: gcc -c   conftest.c >&5
conftest.c:2:3: error: unknown type name 'choke'
  choke me
  ^
conftest.c:2:11: error: expected ';' after top level declarator
  choke me
          ^
          ;
2 errors generated.
configure:3374: $? = 1
configure: failed program was:
| #ifndef __cplusplus
|   choke me
| #endif
configure:3512: checking how to run the C preprocessor
configure:3547: gcc -E  conftest.c
configure:3553: $? = 0
configure:3585: gcc -E  conftest.c
conftest.c:10:10: fatal error: 'ac_nonexistent.h' file not found
#include <ac_nonexistent.h>
         ^~~~~~~~~~~~~~~~~~
1 error generated.
configure:3591: $? = 1
configure: failed program was:
| /* confdefs.h.  */
| 
| #define PACKAGE_NAME "thread"
| #define PACKAGE_TARNAME "thread"
| #define PACKAGE_VERSION "2.7.3"
| #define PACKAGE_STRING "thread 2.7.3"
| #define PACKAGE_BUGREPORT ""
| #define BUILD_thread
| /* end confdefs.h.  */
| #include <ac_nonexistent.h>
configure:3630: result: gcc -E
configure:3654: gcc -E  conftest.c
configure:3660: $? = 0
configure:3692: gcc -E  conftest.c
conftest.c:10:10: fatal error: 'ac_nonexistent.h' file not found
#include <ac_nonexistent.h>
         ^~~~~~~~~~~~~~~~~~
1 error generated.
configure:3698: $? = 1
configure: failed program was:
| /* confdefs.h.  */
| 
| #define PACKAGE_NAME "thread"
| #define PACKAGE_TARNAME "thread"
| #define PACKAGE_VERSION "2.7.3"
| #define PACKAGE_STRING "thread 2.7.3"
| #define PACKAGE_BUGREPORT ""
| #define BUILD_thread
| /* end confdefs.h.  */
| #include <ac_nonexistent.h>
configure:3760: checking whether make sets $(MAKE)
configure:3780: result: yes
configure:3835: checking for ranlib
configure:3851: found /usr/bin/ranlib
configure:3861: result: ranlib
configure:3882: checking for egrep
configure:3892: result: grep -E
configure:3897: checking for ANSI C header files
configure:3922: gcc -c   conftest.c >&5
configure:3928: $? = 0
configure:3932: test -z 
			 || test ! -s conftest.err
configure:3935: $? = 0
configure:3938: test -s conftest.o
configure:3941: $? = 0
configure:4030: gcc -o conftest    conftest.c  >&5
conftest.c:27:7: warning: implicitly declaring library function 'exit' with type 'void (int) __attribute__((noreturn))' [-Wimplicit-function-declaration]
      exit(2);
      ^
conftest.c:27:7: note: include the header <stdlib.h> or explicitly provide a declaration for 'exit'
1 warning generated.
configure:4033: $? = 0
configure:4035: ./conftest
configure:4038: $? = 0
configure:4053: result: yes
configure:4077: checking for sys/types.h
configure:4093: gcc -c   conftest.c >&5
configure:4099: $? = 0
configure:4103: test -z 
			 || test ! -s conftest.err
configure:4106: $? = 0
configure:4109: test -s conftest.o
configure:4112: $? = 0
configure:4123: result: yes
configure:4077: checking for sys/stat.h
configure:4093: gcc -c   conftest.c >&5
configure:4099: $? = 0
configure:4103: test -z 
			 || test ! -s conftest.err
configure:4106: $? = 0
configure:4109: test -s conftest.o
configure:4112: $? = 0
configure:4123: result: yes
configure:4077: checking for stdlib.h
configure:4093: gcc -c   conftest.c >&5
configure:4099: $? = 0
configure:4103: test -z 
			 || test ! -s conftest.err
configure:4106: $? = 0
configure:4109: test -s conftest.o
configure:4112: $? = 0
configure:4123: result: yes
configure:4077: checking for string.h
configure:4093: gcc -c   conftest.c >&5
configure:4099: $? = 0
configure:4103: test -z 
			 || test ! -s conftest.err
configure:4106: $? = 0
configure:4109: test -s conftest.o
configure:4112: $? = 0
configure:4123: result: yes
configure:4077: checking for memory.h
configure:4093: gcc -c   conftest.c >&5
configure:4099: $? = 0
configure:4103: test -z 
			 || test ! -s conftest.err
configure:4106: $? = 0
configure:4109: test -s conftest.o
configure:4112: $? = 0
configure:4123: result: yes
configure:4077: checking for strings.h
configure:4093: gcc -c   conftest.c >&5
configure:4099: $? = 0
configure:4103: test -z 
			 || test ! -s conftest.err
configure:4106: $? = 0
configure:4109: test -s conftest.o
configure:4112: $? = 0
configure:4123: result: yes
configure:4077: checking for inttypes.h
configure:4093: gcc -c   conftest.c >&5
configure:4099: $? = 0
configure:4103: test -z 
			 || test ! -s conftest.err
configure:4106: $? = 0
configure:4109: test -s conftest.o
configure:4112: $? = 0
configure:4123: result: yes
configure:4077: checking for stdint.h
configure:4093: gcc -c   conftest.c >&5
configure:4099: $? = 0
configure:4103: test -z 
			 || test ! -s conftest.err
configure:4106: $? = 0
configure:4109: test -s conftest.o
configure:4112: $? = 0
configure:4123: result: yes
configure:4077: checking for unistd.h
configure:4093: gcc -c   conftest.c >&5
configure:4099: $? = 0
configure:4103: test -z 
			 || test ! -s conftest.err
configure:4106: $? = 0
configure:4109: test -s conftest.o
configure:4112: $? = 0
configure:4123: result: yes
configure:4145: checking if the compiler understands -pipe
configure:4168: gcc -c  -pipe  conftest.c >&5
configure:4174: $? = 0
configure:4178: test -z 
			 || test ! -s conftest.err
configure:4181: $? = 0
configure:4184: test -s conftest.o
configure:4187: $? = 0
configure:4199: result: yes
configure:4210: checking whether byte ordering is bigendian
configure:4237: gcc -c  -pipe  conftest.c >&5
configure:4243: $? = 0
configure:4247: test -z 
			 || test ! -s conftest.err
configure:4250: $? = 0
configure:4253: test -s conftest.o
configure:4256: $? = 0
configure:4280: gcc -c  -pipe  conftest.c >&5
conftest.c:27:2: error: use of undeclared identifier 'not'
 not big endian
 ^
1 error generated.
configure:4286: $? = 1
configure: failed program was:
| /* confdefs.h.  */
| 
| #define PACKAGE_NAME "thread"
| #define PACKAGE_TARNAME "thread"
| #define PACKAGE_VERSION "2.7.3"
| #define PACKAGE_STRING "thread 2.7.3"
| #define PACKAGE_BUGREPORT ""
| #define BUILD_thread
| #define STDC_HEADERS 1
| #define HAVE_SYS_TYPES_H 1
| #define HAVE_SYS_STAT_H 1
| #define HAVE_STDLIB_H 1
| #define HAVE_STRING_H 1
| #define HAVE_MEMORY_H 1
| #define HAVE_STRINGS_H 1
| #define HAVE_INTTYPES_H 1
| #define HAVE_STDINT_H 1
| #define HAVE_UNISTD_H 1
| /* end confdefs.h.  */
| #include <sys/types.h>
| #include <sys/param.h>
| 
| int
| main ()
| {
| #if BYTE_ORDER != BIG_ENDIAN
|  not big endian
| #endif
| 
|   ;
|   return 0;
| }
configure:4421: result: no
configure:4449: checking for sin
configure:4506: gcc -o conftest  -pipe   conftest.c  >&5
conftest.c:44:6: warning: incompatible redeclaration of library function 'sin' [-Wincompatible-library-redeclaration]
char sin ();
     ^
conftest.c:44:6: note: 'sin' is a builtin with type 'double (double)'
1 warning generated.
configure:4512: $? = 0
configure:4516: test -z 
			 || test ! -s conftest.err
configure:4519: $? = 0
configure:4522: test -s conftest
configure:4525: $? = 0
configure:4537: result: yes
configure:4545: checking for main in -lieee
configure:4569: gcc -o conftest  -pipe   conftest.c -lieee   >&5
ld: library not found for -lieee
clang: error: linker command failed with exit code 1 (use -v to see invocation)
configure:4575: $? = 1
configure: failed program was:
| /* confdefs.h.  */
| 
| #define PACKAGE_NAME "thread"
| #define PACKAGE_TARNAME "thread"
| #define PACKAGE_VERSION "2.7.3"
| #define PACKAGE_STRING "thread 2.7.3"
| #define PACKAGE_BUGREPORT ""
| #define BUILD_thread
| #define STDC_HEADERS 1
| #define HAVE_SYS_TYPES_H 1
| #define HAVE_SYS_STAT_H 1
| #define HAVE_STDLIB_H 1
| #define HAVE_STRING_H 1
| #define HAVE_MEMORY_H 1
| #define HAVE_STRINGS_H 1
| #define HAVE_INTTYPES_H 1
| #define HAVE_STDINT_H 1
| #define HAVE_UNISTD_H 1
| /* end confdefs.h.  */
| 
| 
| int
| main ()
| {
| main ();
|   ;
|   return 0;
| }
configure:4601: result: no
configure:4613: checking for main in -linet
configure:4637: gcc -o conftest  -pipe   conftest.c -linet   >&5
ld: library not found for -linet
clang: error: linker command failed with exit code 1 (use -v to see invocation)
configure:4643: $? = 1
configure: failed program was:
| /* confdefs.h.  */
| 
| #define PACKAGE_NAME "thread"
| #define PACKAGE_TARNAME "thread"
| #define PACKAGE_VERSION "2.7.3"
| #define PACKAGE_STRING "thread 2.7.3"
| #define PACKAGE_BUGREPORT ""
| #define BUILD_thread
| #define STDC_HEADERS 1
| #define HAVE_SYS_TYPES_H 1
| #define HAVE_SYS_STAT_H 1
| #define HAVE_STDLIB_H 1
| #define HAVE_STRING_H 1
| #define HAVE_MEMORY_H 1
| #define HAVE_STRINGS_H 1
| #define HAVE_INTTYPES_H 1
| #define HAVE_STDINT_H 1
| #define HAVE_UNISTD_H 1
| /* end confdefs.h.  */
| 
| 
| int
| main ()
| {
| main ();
|   ;
|   return 0;
| }
configure:4669: result: no
configure:4685: checking net/errno.h usability
configure:4697: gcc -c  -pipe  conftest.c >&5
conftest.c:54:10: fatal error: 'net/errno.h' file not found
#include <net/errno.h>
         ^~~~~~~~~~~~~
1 error generated.
configure:4703: $? = 1
configure: failed program was:
| /* confdefs.h.  */
| 
| #define PACKAGE_NAME "thread"
| #define PACKAGE_TARNAME "thread"
| #define PACKAGE_VERSION "2.7.3"
| #define PACKAGE_STRING "thread 2.7.3"
| #define PACKAGE_BUGREPORT ""
| #define BUILD_thread
| #define STDC_HEADERS 1
| #define HAVE_SYS_TYPES_H 1
| #define HAVE_SYS_STAT_H 1
| #define HAVE_STDLIB_H 1
| #define HAVE_STRING_H 1
| #define HAVE_MEMORY_H 1
| #define HAVE_STRINGS_H 1
| #define HAVE_INTTYPES_H 1
| #define HAVE_STDINT_H 1
| #define HAVE_UNISTD_H 1
| /* end confdefs.h.  */
| #include <stdio.h>
| #if HAVE_SYS_TYPES_H
| # include <sys/types.h>
| #endif
| #if HAVE_SYS_STAT_H
| # include <sys/stat.h>
| #endif
| #if STDC_HEADERS
| # include <stdlib.h>
| # include <stddef.h>
| #else
| # if HAVE_STDLIB_H
| #  include <stdlib.h>
| # endif
| #endif
| #if HAVE_STRING_H
| # if !STDC_HEADERS && HAVE_MEMORY_H
| #  include <memory.h>
| # endif
| # include <string.h>
| #endif
| #if HAVE_STRINGS_H
| # include <strings.h>
| #endif
| #if HAVE_INTTYPES_H
| # include <inttypes.h>
| #else
| # if HAVE_STDINT_H
| #  include <stdint.h>
| # endif
| #endif
| #if HAVE_UNISTD_H
| # include <unistd.h>
| #endif
| #include <net/errno.h>
configure:4726: result: no
configure:4730: checking net/errno.h presence
configure:4740: gcc -E  conftest.c
conftest.c:20:10: fatal error: 'net/errno.h' file not found
#include <net/errno.h>
         ^~~~~~~~~~~~~
1 error generated.
configure:4746: $? = 1
configure: failed program was:
| /* confdefs.h.  */
| 
| #define PACKAGE_NAME "thread"
| #define PACKAGE_TARNAME "thread"
| #define PACKAGE_VERSION "2.7.3"
| #define PACKAGE_STRING "thread 2.7.3"
| #define PACKAGE_BUGREPORT ""
| #define BUILD_thread
| #define STDC_HEADERS 1
| #define HAVE_SYS_TYPES_H 1
| #define HAVE_SYS_STAT_H 1
| #define HAVE_STDLIB_H 1
| #define HAVE_STRING_H 1
| #define HAVE_MEMORY_H 1
| #define HAVE_STRINGS_H 1
| #define HAVE_INTTYPES_H 1
| #define HAVE_STDINT_H 1
| #define HAVE_UNISTD_H 1
| /* end confdefs.h.  */
| #include <net/errno.h>
configure:4766: result: no
configure:4801: checking for net/errno.h
configure:4808: result: no
configure:4842: checking for connect
configure:4899: gcc -o conftest  -pipe   conftest.c  >&5
configure:4905: $? = 0
configure:4909: test -z 
			 || test ! -s conftest.err
configure:4912: $? = 0
configure:4915: test -s conftest
configure:4918: $? = 0
configure:4930: result: yes
configure:5205: checking for gethostbyname
configure:5262: gcc -o conftest  -pipe   conftest.c  >&5
configure:5268: $? = 0
configure:5272: test -z 
			 || test ! -s conftest.err
configure:5275: $? = 0
configure:5278: test -s conftest
configure:5281: $? = 0
configure:5293: result: yes
configure:5377: checking dirent.h
configure:5418: gcc -o conftest  -pipe   conftest.c  >&5
configure:5424: $? = 0
configure:5428: test -z 
			 || test ! -s conftest.err
configure:5431: $? = 0
configure:5434: test -s conftest
configure:5437: $? = 0
configure:5449: result: yes
configure:5471: checking errno.h usability
configure:5483: gcc -c  -pipe  conftest.c >&5
configure:5489: $? = 0
configure:5493: test -z 
			 || test ! -s conftest.err
configure:5496: $? = 0
configure:5499: test -s conftest.o
configure:5502: $? = 0
configure:5512: result: yes
configure:5516: checking errno.h presence
configure:5526: gcc -E  conftest.c
configure:5532: $? = 0
configure:5552: result: yes
configure:5587: checking for errno.h
configure:5594: result: yes
configure:5619: checking float.h usability
configure:5631: gcc -c  -pipe  conftest.c >&5
configure:5637: $? = 0
configure:5641: test -z 
			 || test ! -s conftest.err
configure:5644: $? = 0
configure:5647: test -s conftest.o
configure:5650: $? = 0
configure:5660: result: yes
configure:5664: checking float.h presence
configure:5674: gcc -E  conftest.c
configure:5680: $? = 0
configure:5700: result: yes
configure:5735: checking for float.h
configure:5742: result: yes
configure:5767: checking values.h usability
configure:5779: gcc -c  -pipe  conftest.c >&5
conftest.c:54:10: fatal error: 'values.h' file not found
#include <values.h>
         ^~~~~~~~~~
1 error generated.
configure:5785: $? = 1
configure: failed program was:
| /* confdefs.h.  */
| 
| #define PACKAGE_NAME "thread"
| #define PACKAGE_TARNAME "thread"
| #define PACKAGE_VERSION "2.7.3"
| #define PACKAGE_STRING "thread 2.7.3"
| #define PACKAGE_BUGREPORT ""
| #define BUILD_thread
| #define STDC_HEADERS 1
| #define HAVE_SYS_TYPES_H 1
| #define HAVE_SYS_STAT_H 1
| #define HAVE_STDLIB_H 1
| #define HAVE_STRING_H 1
| #define HAVE_MEMORY_H 1
| #define HAVE_STRINGS_H 1
| #define HAVE_INTTYPES_H 1
| #define HAVE_STDINT_H 1
| #define HAVE_UNISTD_H 1
| /* end confdefs.h.  */
| #include <stdio.h>
| #if HAVE_SYS_TYPES_H
| # include <sys/types.h>
| #endif
| #if HAVE_SYS_STAT_H
| # include <sys/stat.h>
| #endif
| #if STDC_HEADERS
| # include <stdlib.h>
| # include <stddef.h>
| #else
| # if HAVE_STDLIB_H
| #  include <stdlib.h>
| # endif
| #endif
| #if HAVE_STRING_H
| # if !STDC_HEADERS && HAVE_MEMORY_H
| #  include <memory.h>
| # endif
| # include <string.h>
| #endif
| #if HAVE_STRINGS_H
| # include <strings.h>
| #endif
| #if HAVE_INTTYPES_H
| # include <inttypes.h>
| #else
| # if HAVE_STDINT_H
| #  include <stdint.h>
| # endif
| #endif
| #if HAVE_UNISTD_H
| # include <unistd.h>
| #endif
| #include <values.h>
configure:5808: result: no
configure:5812: checking values.h presence
configure:5822: gcc -E  conftest.c
conftest.c:20:10: fatal error: 'values.h' file not found
#include <values.h>
         ^~~~~~~~~~
1 error generated.
configure:5828: $? = 1
configure: failed program was:
| /* confdefs.h.  */
| 
| #define PACKAGE_NAME "thread"
| #define PACKAGE_TARNAME "thread"
| #define PACKAGE_VERSION "2.7.3"
| #define PACKAGE_STRING "thread 2.7.3"
| #define PACKAGE_BUGREPORT ""
| #define BUILD_thread
| #define STDC_HEADERS 1
| #define HAVE_SYS_TYPES_H 1
| #define HAVE_SYS_STAT_H 1
| #define HAVE_STDLIB_H 1
| #define HAVE_STRING_H 1
| #define HAVE_MEMORY_H 1
| #define HAVE_STRINGS_H 1
| #define HAVE_INTTYPES_H 1
| #define HAVE_STDINT_H 1
| #define HAVE_UNISTD_H 1
| /* end confdefs.h.  */
| #include <values.h>
configure:5848: result: no
configure:5883: checking for values.h
configure:5890: result: no
configure:5915: checking limits.h usability
configure:5927: gcc -c  -pipe  conftest.c >&5
configure:5933: $? = 0
configure:5937: test -z 
			 || test ! -s conftest.err
configure:5940: $? = 0
configure:5943: test -s conftest.o
configure:5946: $? = 0
configure:5956: result: yes
configure:5960: checking limits.h presence
configure:5970: gcc -E  conftest.c
configure:5976: $? = 0
configure:5996: result: yes
configure:6031: checking for limits.h
configure:6038: result: yes
configure:6058: checking for stdlib.h
configure:6063: result: yes
configure:6260: checking for string.h
configure:6265: result: yes
configure:6459: checking sys/wait.h usability
configure:6471: gcc -c  -pipe  conftest.c >&5
configure:6477: $? = 0
configure:6481: test -z 
			 || test ! -s conftest.err
configure:6484: $? = 0
configure:6487: test -s conftest.o
configure:6490: $? = 0
configure:6500: result: yes
configure:6504: checking sys/wait.h presence
configure:6514: gcc -E  conftest.c
configure:6520: $? = 0
configure:6540: result: yes
configure:6575: checking for sys/wait.h
configure:6582: result: yes
configure:6607: checking dlfcn.h usability
configure:6619: gcc -c  -pipe  conftest.c >&5
configure:6625: $? = 0
configure:6629: test -z 
			 || test ! -s conftest.err
configure:6632: $? = 0
configure:6635: test -s conftest.o
configure:6638: $? = 0
configure:6648: result: yes
configure:6652: checking dlfcn.h presence
configure:6662: gcc -E  conftest.c
configure:6668: $? = 0
configure:6688: result: yes
configure:6723: checking for dlfcn.h
configure:6730: result: yes
configure:6761: checking sys/param.h usability
configure:6773: gcc -c  -pipe  conftest.c >&5
configure:6779: $? = 0
configure:6783: test -z 
			 || test ! -s conftest.err
configure:6786: $? = 0
configure:6789: test -s conftest.o
configure:6792: $? = 0
configure:6802: result: yes
configure:6806: checking sys/param.h presence
configure:6816: gcc -E  conftest.c
configure:6822: $? = 0
configure:6842: result: yes
configure:6877: checking for sys/param.h
configure:6884: result: yes
configure:6988: checking for NaviServer/AOLserver configuration
configure:7015: result: none found
configure:7276: checking for Tcl public headers
configure:7351: result: /Users/xiaodangan/code/nmf/MacPorts-2.5.2/vendor/tcl/generic
configure:7420: checking for pthread_mutex_init in -lpthread
configure:7450: gcc -o conftest  -pipe   conftest.c -lpthread   >&5
configure:7456: $? = 0
configure:7460: test -z 
			 || test ! -s conftest.err
configure:7463: $? = 0
configure:7466: test -s conftest
configure:7469: $? = 0
configure:7482: result: yes
configure:7803: checking for building with threads
configure:7811: result: yes (default)
configure:7852: checking how to build libraries
configure:7870: result: shared
configure:7933: checking for ranlib
configure:7960: result: ranlib
configure:7977: checking if 64bit support is requested
configure:7986: result: no
configure:7991: checking if 64bit Sparc VIS support is requested
configure:8000: result: no
configure:8011: checking if compiler supports visibility "hidden"
configure:8036: gcc -o conftest  -pipe -Werror   conftest.c  >&5
configure:8042: $? = 0
configure:8046: test -z 
			 || test ! -s conftest.err
configure:8049: $? = 0
configure:8052: test -s conftest
configure:8055: $? = 0
configure:8068: result: yes
configure:8088: checking if rpath support is requested
configure:8097: result: yes
configure:8123: checking system version
configure:8146: result: Darwin-17.7.0
configure:8225: checking for ar
configure:8241: found /usr/bin/ar
configure:8251: result: ar
configure:9561: checking if ld accepts -single_module flag
configure:9585: gcc -o conftest -pipe     -dynamiclib -Wl,-single_module conftest.c  >&5
configure:9591: $? = 0
configure:9595: test -z 
			 || test ! -s conftest.err
configure:9598: $? = 0
configure:9601: test -s conftest
configure:9604: $? = 0
configure:9617: result: yes
configure:9637: checking if ld accepts -search_paths_first flag
configure:9661: gcc -o conftest -pipe     -prebind -headerpad_max_install_names -Wl,-search_paths_first conftest.c  >&5
configure:9667: $? = 0
configure:9671: test -z 
			 || test ! -s conftest.err
configure:9674: $? = 0
configure:9677: test -s conftest
configure:9680: $? = 0
configure:9693: result: yes
configure:10495: checking for cast to union support
configure:10519: gcc -c -pipe    conftest.c >&5
configure:10525: $? = 0
configure:10529: test -z 
			 || test ! -s conftest.err
configure:10532: $? = 0
configure:10535: test -s conftest.o
configure:10538: $? = 0
configure:10550: result: yes
configure:10575: checking for required early compiler flags
configure:10598: gcc -c -pipe    conftest.c >&5
configure:10604: $? = 0
configure:10608: test -z 
			 || test ! -s conftest.err
configure:10611: $? = 0
configure:10614: test -s conftest.o
configure:10617: $? = 0
configure:10703: gcc -c -pipe    conftest.c >&5
conftest.c:34:28: warning: 'stat64' is deprecated: first deprecated in macOS 10.6 [-Wdeprecated-declarations]
struct stat64 buf; int i = stat64("/", &buf);
                           ^
/usr/include/sys/stat.h:402:5: note: 'stat64' has been explicitly marked deprecated here
int     stat64(const char *, struct stat64 *) __OSX_AVAILABLE_BUT_DEPRECATED(__MAC_10_5,__MAC_10_6,__IPHONE_NA,__IPHONE_NA);
        ^
1 warning generated.
configure:10709: $? = 0
configure:10713: test -z 
			 || test ! -s conftest.err
configure:10716: $? = 0
configure:10719: test -s conftest.o
configure:10722: $? = 0
configure:10808: gcc -c -pipe    conftest.c >&5
conftest.c:34:19: error: use of undeclared identifier 'open64'
char *p = (char *)open64;
                  ^
1 error generated.
configure:10814: $? = 1
configure: failed program was:
| /* confdefs.h.  */
| 
| #define PACKAGE_NAME "thread"
| #define PACKAGE_TARNAME "thread"
| #define PACKAGE_VERSION "2.7.3"
| #define PACKAGE_STRING "thread 2.7.3"
| #define PACKAGE_BUGREPORT ""
| #define BUILD_thread
| #define STDC_HEADERS 1
| #define HAVE_SYS_TYPES_H 1
| #define HAVE_SYS_STAT_H 1
| #define HAVE_STDLIB_H 1
| #define HAVE_STRING_H 1
| #define HAVE_MEMORY_H 1
| #define HAVE_STRINGS_H 1
| #define HAVE_INTTYPES_H 1
| #define HAVE_STDINT_H 1
| #define HAVE_UNISTD_H 1
| #define NO_VALUES_H 1
| #define HAVE_LIMITS_H 1
| #define HAVE_SYS_PARAM_H 1
| #define USE_THREAD_ALLOC 1
| #define _REENTRANT 1
| #define _THREAD_SAFE 1
| #define TCL_THREADS 1
| #define MODULE_SCOPE extern __attribute__((__visibility__("hidden")))
| #define HAVE_HIDDEN 1
| #define HAVE_CAST_TO_UNION 1
| /* end confdefs.h.  */
| #include <sys/stat.h>
| int
| main ()
| {
| char *p = (char *)open64;
|   ;
|   return 0;
| }
configure:10851: gcc -c -pipe    conftest.c >&5
conftest.c:35:19: error: use of undeclared identifier 'open64'
char *p = (char *)open64;
                  ^
1 error generated.
configure:10857: $? = 1
configure: failed program was:
| /* confdefs.h.  */
| 
| #define PACKAGE_NAME "thread"
| #define PACKAGE_TARNAME "thread"
| #define PACKAGE_VERSION "2.7.3"
| #define PACKAGE_STRING "thread 2.7.3"
| #define PACKAGE_BUGREPORT ""
| #define BUILD_thread
| #define STDC_HEADERS 1
| #define HAVE_SYS_TYPES_H 1
| #define HAVE_SYS_STAT_H 1
| #define HAVE_STDLIB_H 1
| #define HAVE_STRING_H 1
| #define HAVE_MEMORY_H 1
| #define HAVE_STRINGS_H 1
| #define HAVE_INTTYPES_H 1
| #define HAVE_STDINT_H 1
| #define HAVE_UNISTD_H 1
| #define NO_VALUES_H 1
| #define HAVE_LIMITS_H 1
| #define HAVE_SYS_PARAM_H 1
| #define USE_THREAD_ALLOC 1
| #define _REENTRANT 1
| #define _THREAD_SAFE 1
| #define TCL_THREADS 1
| #define MODULE_SCOPE extern __attribute__((__visibility__("hidden")))
| #define HAVE_HIDDEN 1
| #define HAVE_CAST_TO_UNION 1
| /* end confdefs.h.  */
| #define _LARGEFILE_SOURCE64 1
| #include <sys/stat.h>
| int
| main ()
| {
| char *p = (char *)open64;
|   ;
|   return 0;
| }
configure:10894: result: none
configure:10902: checking for 64-bit integer type
configure:10926: gcc -c -pipe    conftest.c >&5
conftest.c:34:1: error: use of undeclared identifier '__int64'
__int64 value = (__int64) 0;
^
1 error generated.
configure:10932: $? = 1
configure: failed program was:
| /* confdefs.h.  */
| 
| #define PACKAGE_NAME "thread"
| #define PACKAGE_TARNAME "thread"
| #define PACKAGE_VERSION "2.7.3"
| #define PACKAGE_STRING "thread 2.7.3"
| #define PACKAGE_BUGREPORT ""
| #define BUILD_thread
| #define STDC_HEADERS 1
| #define HAVE_SYS_TYPES_H 1
| #define HAVE_SYS_STAT_H 1
| #define HAVE_STDLIB_H 1
| #define HAVE_STRING_H 1
| #define HAVE_MEMORY_H 1
| #define HAVE_STRINGS_H 1
| #define HAVE_INTTYPES_H 1
| #define HAVE_STDINT_H 1
| #define HAVE_UNISTD_H 1
| #define NO_VALUES_H 1
| #define HAVE_LIMITS_H 1
| #define HAVE_SYS_PARAM_H 1
| #define USE_THREAD_ALLOC 1
| #define _REENTRANT 1
| #define _THREAD_SAFE 1
| #define TCL_THREADS 1
| #define MODULE_SCOPE extern __attribute__((__visibility__("hidden")))
| #define HAVE_HIDDEN 1
| #define HAVE_CAST_TO_UNION 1
| /* end confdefs.h.  */
| 
| int
| main ()
| {
| __int64 value = (__int64) 0;
|   ;
|   return 0;
| }
configure:10976: gcc -c -pipe    conftest.c >&5
conftest.c:35:26: error: duplicate case value '1'
            case 1: case (sizeof(long long)==sizeof(long)): ;
                         ^
conftest.c:35:18: note: previous case defined here
            case 1: case (sizeof(long long)==sizeof(long)): ;
                 ^
1 error generated.
configure:10982: $? = 1
configure: failed program was:
| /* confdefs.h.  */
| 
| #define PACKAGE_NAME "thread"
| #define PACKAGE_TARNAME "thread"
| #define PACKAGE_VERSION "2.7.3"
| #define PACKAGE_STRING "thread 2.7.3"
| #define PACKAGE_BUGREPORT ""
| #define BUILD_thread
| #define STDC_HEADERS 1
| #define HAVE_SYS_TYPES_H 1
| #define HAVE_SYS_STAT_H 1
| #define HAVE_STDLIB_H 1
| #define HAVE_STRING_H 1
| #define HAVE_MEMORY_H 1
| #define HAVE_STRINGS_H 1
| #define HAVE_INTTYPES_H 1
| #define HAVE_STDINT_H 1
| #define HAVE_UNISTD_H 1
| #define NO_VALUES_H 1
| #define HAVE_LIMITS_H 1
| #define HAVE_SYS_PARAM_H 1
| #define USE_THREAD_ALLOC 1
| #define _REENTRANT 1
| #define _THREAD_SAFE 1
| #define TCL_THREADS 1
| #define MODULE_SCOPE extern __attribute__((__visibility__("hidden")))
| #define HAVE_HIDDEN 1
| #define HAVE_CAST_TO_UNION 1
| /* end confdefs.h.  */
| 
| int
| main ()
| {
| switch (0) {
|             case 1: case (sizeof(long long)==sizeof(long)): ;
|         }
|   ;
|   return 0;
| }
configure:11012: result: using long
configure:11337: checking for build with symbols
configure:11350: result: no
configure:11539: checking for tclsh
configure:11566: result: /Users/xiaodangan/code/nmf/MacPorts-2.5.2/vendor/tcl/unix/tclsh
configure:11706: creating ./config.status

## ---------------------- ##
## Running config.status. ##
## ---------------------- ##

This file was extended by thread config.status 2.7.3, which was
generated by GNU Autoconf 2.59.  Invocation command line was

  CONFIG_FILES    = 
  CONFIG_HEADERS  = 
  CONFIG_LINKS    = 
  CONFIG_COMMANDS = 
  $ ./config.status 

on vlan-2656-10-16-230-39.student.wireless.sydney.edu.au

config.status:699: creating Makefile
config.status:699: creating pkgIndex.tcl

## ---------------- ##
## Cache variables. ##
## ---------------- ##

ac_cv_c_bigendian=no
ac_cv_c_compiler_gnu=yes
ac_cv_c_tclconfig=/Users/xiaodangan/code/nmf/MacPorts-2.5.2/vendor/tcl/unix
ac_cv_c_tclh=/Users/xiaodangan/code/nmf/MacPorts-2.5.2/vendor/tcl/generic
ac_cv_env_CC_set=
ac_cv_env_CC_value=
ac_cv_env_CFLAGS_set=
ac_cv_env_CFLAGS_value=
ac_cv_env_CPPFLAGS_set=
ac_cv_env_CPPFLAGS_value=
ac_cv_env_CPP_set=
ac_cv_env_CPP_value=
ac_cv_env_LDFLAGS_set=
ac_cv_env_LDFLAGS_value=
ac_cv_env_build_alias_set=
ac_cv_env_build_alias_value=
ac_cv_env_host_alias_set=
ac_cv_env_host_alias_value=
ac_cv_env_target_alias_set=
ac_cv_env_target_alias_value=
ac_cv_exeext=
ac_cv_func_connect=yes
ac_cv_func_gethostbyname=yes
ac_cv_func_sin=yes
ac_cv_header_dlfcn_h=yes
ac_cv_header_errno_h=yes
ac_cv_header_float_h=yes
ac_cv_header_inttypes_h=yes
ac_cv_header_limits_h=yes
ac_cv_header_memory_h=yes
ac_cv_header_net_errno_h=no
ac_cv_header_stdc=yes
ac_cv_header_stdint_h=yes
ac_cv_header_stdlib_h=yes
ac_cv_header_string_h=yes
ac_cv_header_strings_h=yes
ac_cv_header_sys_param_h=yes
ac_cv_header_sys_stat_h=yes
ac_cv_header_sys_types_h=yes
ac_cv_header_sys_wait_h=yes
ac_cv_header_unistd_h=yes
ac_cv_header_values_h=no
ac_cv_lib_ieee_main=no
ac_cv_lib_inet_main=no
ac_cv_lib_pthread_pthread_mutex_init=yes
ac_cv_objext=o
ac_cv_prog_CPP='gcc -E'
ac_cv_prog_ac_ct_AR=ar
ac_cv_prog_ac_ct_CC=gcc
ac_cv_prog_ac_ct_RANLIB=ranlib
ac_cv_prog_cc_g=yes
ac_cv_prog_cc_stdc=
ac_cv_prog_egrep='grep -E'
ac_cv_prog_make_make_set=yes
tcl_cv_cast_to_union=yes
tcl_cv_cc_pipe=yes
tcl_cv_cc_visibility_hidden=yes
tcl_cv_dirent_h=yes
tcl_cv_flag__isoc99_source=no
tcl_cv_flag__largefile64_source=no
tcl_cv_flag__largefile_source64=no
tcl_cv_ld_search_paths_first=yes
tcl_cv_ld_single_module=yes
tcl_cv_sys_version=Darwin-17.7.0
tcl_cv_type_64bit=none

## ----------------- ##
## Output variables. ##
## ----------------- ##

AR='ar'
CC='gcc'
CELIB_DIR=''
CFLAGS='-pipe  ${CFLAGS_DEFAULT} ${CFLAGS_WARNING} ${SHLIB_CFLAGS}  '
CFLAGS_DEBUG='-g'
CFLAGS_DEFAULT='-Os -DNDEBUG'
CFLAGS_OPTIMIZE='-Os'
CFLAGS_WARNING='-Wall'
CLEANFILES=''
CPP='gcc -E'
CPPFLAGS=''
CYGPATH='echo'
DEFS='-DPACKAGE_NAME=\"thread\" -DPACKAGE_TARNAME=\"thread\" -DPACKAGE_VERSION=\"2.7.3\" -DPACKAGE_STRING=\"thread\ 2.7.3\" -DPACKAGE_BUGREPORT=\"\" -DBUILD_thread= -DSTDC_HEADERS=1 -DHAVE_SYS_TYPES_H=1 -DHAVE_SYS_STAT_H=1 -DHAVE_STDLIB_H=1 -DHAVE_STRING_H=1 -DHAVE_MEMORY_H=1 -DHAVE_STRINGS_H=1 -DHAVE_INTTYPES_H=1 -DHAVE_STDINT_H=1 -DHAVE_UNISTD_H=1 -DNO_VALUES_H=1 -DHAVE_LIMITS_H=1 -DHAVE_SYS_PARAM_H=1 -DUSE_THREAD_ALLOC=1 -D_REENTRANT=1 -D_THREAD_SAFE=1 -DTCL_THREADS=1 -DMODULE_SCOPE=extern\ __attribute__\(\(__visibility__\(\"hidden\"\)\)\) -DHAVE_HIDDEN=1 -DHAVE_CAST_TO_UNION=1 -DTCL_WIDE_INT_IS_LONG=1 -DUSE_TCL_STUBS=1 -DTCL_TIP143=1 -DTCL_TIP285=1 '
ECHO_C='ECHO_N=''
ECHO_T=''
EGREP='grep -E'
EXEEXT=''
INSTALL='$(SHELL) $(srcdir)/tclconfig/install-sh -c'
INSTALL_DATA='${INSTALL} -m 644'
INSTALL_DATA_DIR='${INSTALL} -d -m 755'
INSTALL_LIBRARY='${INSTALL_DATA}'
INSTALL_PROGRAM='${INSTALL}'
INSTALL_SCRIPT='${INSTALL}'
LDFLAGS=' -prebind -headerpad_max_install_names -Wl,-search_paths_first '
LDFLAGS_DEFAULT=' -prebind -headerpad_max_install_names -Wl,-search_paths_first '
LD_LIBRARY_PATH_VAR='DYLD_LIBRARY_PATH'
LIBOBJS=''
LIBS=''
LTLIBOBJS=''
MAKE_LIB='${SHLIB_LD} -o $@ $(PKG_OBJECTS) ${SHLIB_LD_LIBS} '
MAKE_SHARED_LIB='${SHLIB_LD} -o $@ $(PKG_OBJECTS) ${SHLIB_LD_LIBS}'
MAKE_STATIC_LIB='${STLIB_LD} $@ $(PKG_OBJECTS)'
MAKE_STUB_LIB='${STLIB_LD} $@ $(PKG_STUB_OBJECTS)'
MATH_LIBS=''
OBJEXT='o'
PACKAGE_BUGREPORT=''
PACKAGE_NAME='thread'
PACKAGE_STRING='thread 2.7.3'
PACKAGE_TARNAME='thread'
PACKAGE_VERSION='2.7.3'
PATH_SEPARATOR=':'
PKG_CFLAGS=' '
PKG_HEADERS=' generic/tclThread.h'
PKG_INCLUDES=''
PKG_LIBS=''
PKG_LIB_FILE='libthread2.7.3.dylib'
PKG_OBJECTS=' threadNs.o threadCmd.o threadSvCmd.o threadSpCmd.o threadPoolCmd.o psGdbm.o threadSvListCmd.o threadSvKeylistCmd.o tclXkeylist.o threadUnix.o'
PKG_SOURCES=' generic/threadNs.c generic/threadCmd.c generic/threadSvCmd.c generic/threadSpCmd.c generic/threadPoolCmd.c generic/psGdbm.c generic/threadSvListCmd.c generic/threadSvKeylistCmd.c generic/tclXkeylist.c unix/threadUnix.c'
PKG_STUB_LIB_FILE='libthreadstub2.7.3.a'
PKG_STUB_OBJECTS=''
PKG_STUB_SOURCES=''
PKG_TCL_SOURCES=' lib/ttrace.tcl'
RANLIB=':'
RANLIB_STUB='ranlib'
RC=''
SET_MAKE=''
SHARED_BUILD='1'
SHELL='/bin/sh'
SHLIB_CFLAGS='-fno-common'
SHLIB_LD='${CC} -dynamiclib ${CFLAGS} ${LDFLAGS_DEFAULT} -Wl,-single_module -current_version 2.7.3 -compatibility_version 2.7.3'
SHLIB_LD_LIBS='${LIBS} -L/Users/xiaodangan/code/nmf/MacPorts-2.5.2/vendor/tcl/unix -ltclstub8.5'
STLIB_LD='${AR} cr'
TCLSH_PROG='/Users/xiaodangan/code/nmf/MacPorts-2.5.2/vendor/tcl/unix/tclsh'
TCL_BIN_DIR='/Users/xiaodangan/code/nmf/MacPorts-2.5.2/vendor/tcl/unix'
TCL_DBGX=''
TCL_DEFS='-DPACKAGE_NAME=\"tcl\" -DPACKAGE_TARNAME=\"tcl\" -DPACKAGE_VERSION=\"8.5\" -DPACKAGE_STRING=\"tcl\ 8.5\" -DPACKAGE_BUGREPORT=\"\" -DSTDC_HEADERS=1 -DHAVE_SYS_TYPES_H=1 -DHAVE_SYS_STAT_H=1 -DHAVE_STDLIB_H=1 -DHAVE_STRING_H=1 -DHAVE_MEMORY_H=1 -DHAVE_STRINGS_H=1 -DHAVE_INTTYPES_H=1 -DHAVE_STDINT_H=1 -DHAVE_UNISTD_H=1 -DNO_VALUES_H=1 -DHAVE_LIMITS_H=1 -DHAVE_SYS_PARAM_H=1 -DUSE_THREAD_ALLOC=1 -D_REENTRANT=1 -D_THREAD_SAFE=1 -DHAVE_PTHREAD_ATTR_SETSTACKSIZE=1 -DHAVE_PTHREAD_ATFORK=1 -DHAVE_PTHREAD_GET_STACKSIZE_NP=1 -DTCL_THREADS=1 -DTCL_CFGVAL_ENCODING=\"iso8859-1\" -DMODULE_SCOPE=extern\ __attribute__\(\(__visibility__\(\"hidden\"\)\)\) -DMAC_OSX_TCL=1 -DHAVE_COREFOUNDATION=1 -DHAVE_CAST_TO_UNION=1 -DTCL_SHLIB_EXT=\".dylib\" -DNDEBUG=1 -DTCL_CFG_OPTIMIZED=1 -DTCL_TOMMATH=1 -DMP_PREC=4 -DTCL_WIDE_INT_IS_LONG=1 -DHAVE_GETCWD=1 -DHAVE_OPENDIR=1 -DHAVE_STRTOL=1 -DHAVE_WAITPID=1 -DHAVE_GETADDRINFO=1 -DHAVE_GETPWUID_R_5=1 -DHAVE_GETPWUID_R=1 -DHAVE_GETPWNAM_R_5=1 -DHAVE_GETPWNAM_R=1 -DHAVE_GETGRGID_R_5=1 -DHAVE_GETGRGID_R=1 -DHAVE_GETGRNAM_R_5=1 -DHAVE_GETGRNAM_R=1 -DHAVE_MTSAFE_GETHOSTBYNAME=1 -DHAVE_MTSAFE_GETHOSTBYADDR=1 -DHAVE_SYS_TIME_H=1 -DTIME_WITH_SYS_TIME=1 -DHAVE_GMTIME_R=1 -DHAVE_LOCALTIME_R=1 -DHAVE_MKTIME=1 -DHAVE_TM_GMTOFF=1 -DHAVE_TIMEZONE_VAR=1 -DHAVE_STRUCT_STAT_ST_BLOCKS=1 -DHAVE_STRUCT_STAT_ST_BLKSIZE=1 -DHAVE_BLKCNT_T=1 -DHAVE_INTPTR_T=1 -DHAVE_UINTPTR_T=1 -DHAVE_SIGNED_CHAR=1 -DHAVE_LANGINFO=1 -DHAVE_CHFLAGS=1 -DHAVE_GETATTRLIST=1 -DHAVE_COPYFILE_H=1 -DHAVE_COPYFILE=1 -DHAVE_LIBKERN_OSATOMIC_H=1 -DHAVE_OSSPINLOCKLOCK=1 -DUSE_VFORK=1 -DTCL_DEFAULT_ENCODING=\"utf-8\" -DTCL_LOAD_FROM_MEMORY=1 -DTCL_WIDE_CLICKS=1 -DHAVE_AVAILABILITYMACROS_H=1 -DHAVE_WEAK_IMPORT=1 -D_DARWIN_C_SOURCE=1 -DHAVE_FTS=1 -DHAVE_SYS_IOCTL_H=1 -DHAVE_SYS_FILIO_H=1 -DTCL_UNLOAD_DLLS=1 -DHAVE_CPUID=1 '
TCL_EXTRA_CFLAGS='-pipe   '
TCL_INCLUDES='-I"/Users/xiaodangan/code/nmf/MacPorts-2.5.2/vendor/tcl/generic"'
TCL_LD_FLAGS=' -prebind -headerpad_max_install_names -Wl,-search_paths_first '
TCL_LIBS='${DL_LIBS} ${LIBS} ${MATH_LIBS}'
TCL_LIB_FILE='libtcl8.5.dylib'
TCL_LIB_FLAG='-ltcl8.5'
TCL_LIB_SPEC='-L/Users/xiaodangan/code/nmf/MacPorts-2.5.2/vendor/tcl/unix -ltcl8.5'
TCL_PATCH_LEVEL='.19'
TCL_SHLIB_LD_LIBS='${LIBS}'
TCL_SRC_DIR='/Users/xiaodangan/code/nmf/MacPorts-2.5.2/vendor/tcl'
TCL_STUB_LIB_FILE='libtclstub8.5.a'
TCL_STUB_LIB_FLAG='-ltclstub8.5'
TCL_STUB_LIB_SPEC='-L/Users/xiaodangan/code/nmf/MacPorts-2.5.2/vendor/tcl/unix -ltclstub8.5'
TCL_THREADS='1'
TCL_VERSION='8.5'
VC_MANIFEST_EMBED_DLL=''
VC_MANIFEST_EMBED_EXE=''
ac_ct_AR='ar'
ac_ct_CC='gcc'
ac_ct_RANLIB='ranlib'
ac_ct_RC=''
bindir='${exec_prefix}/bin'
build_alias=''
datadir='${prefix}/share'
exec_prefix='/opt/local/libexec/macports'
host_alias=''
includedir='${prefix}/include'
infodir='${prefix}/info'
libdir='${exec_prefix}/lib'
libexecdir='${exec_prefix}/libexec'
localstatedir='${prefix}/var'
mandir='${prefix}/man'
oldincludedir='/usr/include'
prefix='/opt/local/libexec/macports'
program_transform_name='s,x,x,'
sbindir='${exec_prefix}/sbin'
sharedstatedir='${prefix}/com'
sysconfdir='${prefix}/etc'
target_alias=''

## ----------- ##
## confdefs.h. ##
## ----------- ##

#define BUILD_thread
#define HAVE_CAST_TO_UNION 1
#define HAVE_HIDDEN 1
#define HAVE_INTTYPES_H 1
#define HAVE_LIMITS_H 1
#define HAVE_MEMORY_H 1
#define HAVE_STDINT_H 1
#define HAVE_STDLIB_H 1
#define HAVE_STRINGS_H 1
#define HAVE_STRING_H 1
#define HAVE_SYS_PARAM_H 1
#define HAVE_SYS_STAT_H 1
#define HAVE_SYS_TYPES_H 1
#define HAVE_UNISTD_H 1
#define MODULE_SCOPE extern __attribute__((__visibility__("hidden")))
#define NO_VALUES_H 1
#define PACKAGE_BUGREPORT ""
#define PACKAGE_NAME "thread"
#define PACKAGE_STRING "thread 2.7.3"
#define PACKAGE_TARNAME "thread"
#define PACKAGE_VERSION "2.7.3"
#define STDC_HEADERS 1
#define TCL_THREADS 1
#define TCL_TIP143 1
#define TCL_TIP285 1
#define TCL_WIDE_INT_IS_LONG 1
#define USE_TCL_STUBS 1
#define USE_THREAD_ALLOC 1
#define _REENTRANT 1
#define _THREAD_SAFE 1

configure: exit 0
